Command line:
   top_isim_beh.exe
     -simmode  gui
     -simrunnum  0
     -socket  50403

Thu Aug 16 02:32:02 2012


 Elaboration Time: 0.514803 sec

 Current Memory Usage: 694.403 Meg

 Total Signals          : 322
 Total Nets             : 264548
 Total Signal Drivers   : 109
 Total Blocks           : 29
 Total Primitive Blocks : 20
 Total Processes        : 84
 Total Traceable Variables  : 226
 Total Scalar Nets and Variables : 266102
Total Line Count : 389

 Total Simulation Time: 0.889205 sec

 Current Memory Usage: 694.403 Meg

Thu Aug 16 02:33:14 2012

